[2022-05-14 11:14:12.011 AM] [32minfo[39m: 	[32mInfo message[39m
[2022-05-14 11:14:12.013 AM] [31merror[39m: 	[31mError message[39m
[2022-05-14 11:14:12.013 AM] [33mwarn[39m: 	[33mWarning message[39m
[2022-05-14 11:17:03.405 AM] [32minfo[39m: 	[32mInfo message[39m
[2022-05-14 11:17:03.406 AM] [31merror[39m: 	[31mError message[39m
[2022-05-14 11:17:03.406 AM] [33mwarn[39m: 	[33mWarning message[39m
[2022-05-14 11:17:05.949 AM] [32minfo[39m: 	[32mDone[39m
[2022-05-14 11:17:06.237 AM] [32minfo[39m: 	[32mInfo message[39m
[2022-05-14 11:17:06.238 AM] [31merror[39m: 	[31mError message[39m
[2022-05-14 11:17:06.238 AM] [33mwarn[39m: 	[33mWarning message[39m
[2022-05-14 11:19:42.869 AM] [32minfo[39m: 	[32mInfo message[39m
[2022-05-14 11:19:42.870 AM] [31merror[39m: 	[31mError message[39m
[2022-05-14 11:19:42.871 AM] [33mwarn[39m: 	[33mWarning message[39m
[2022-05-14 11:19:45.289 AM] [32minfo[39m: 	[32mDone[39m
[2022-05-14 11:19:45.678 AM] [32minfo[39m: 	[32mInfo message[39m
[2022-05-14 11:19:45.679 AM] [31merror[39m: 	[31mError message[39m
[2022-05-14 11:19:45.680 AM] [33mwarn[39m: 	[33mWarning message[39m
[2022-05-14 11:19:47.342 AM] [32minfo[39m: 	[32mDone[39m
[2022-05-14 11:20:29.436 AM] [32minfo[39m: 	[32mInfo message[39m
[2022-05-14 11:20:29.437 AM] [31merror[39m: 	[31mError message[39m
[2022-05-14 11:20:29.437 AM] [33mwarn[39m: 	[33mWarning message[39m
[2022-05-14 11:20:37.204 AM] [32minfo[39m: 	[32mDone[39m
[2022-05-14 11:20:37.278 AM] [32minfo[39m: 	[32mCars have been inserted[39m
[2022-05-14 11:20:37.593 AM] [32minfo[39m: 	[32mInfo message[39m
[2022-05-14 11:20:37.595 AM] [31merror[39m: 	[31mError message[39m
[2022-05-14 11:20:37.595 AM] [33mwarn[39m: 	[33mWarning message[39m
