[2022-05-14 11:37:19.914 AM] [32minfo[39m: 	[32mInfo message[39m
[2022-05-14 11:37:19.915 AM] [31merror[39m: 	[31mError message[39m
[2022-05-14 11:37:19.916 AM] [33mwarn[39m: 	[33mWarning message[39m
[2022-05-14 11:37:22.715 AM] [32minfo[39m: 	[32mDone[39m
[2022-05-14 11:37:22.765 AM] [32minfo[39m: 	[32mCars have been inserted[39m
[2022-05-14 11:37:23.102 AM] [32minfo[39m: 	[32mInfo message[39m
[2022-05-14 11:37:23.103 AM] [31merror[39m: 	[31mError message[39m
[2022-05-14 11:37:23.104 AM] [33mwarn[39m: 	[33mWarning message[39m
[2022-05-14 11:37:25.565 AM] [32minfo[39m: 	[32mDone[39m
[2022-05-14 11:37:25.614 AM] [32minfo[39m: 	[32mCars have been inserted[39m
[2022-05-14 11:37:25.944 AM] [32minfo[39m: 	[32mInfo message[39m
[2022-05-14 11:37:25.945 AM] [31merror[39m: 	[31mError message[39m
[2022-05-14 11:37:25.945 AM] [33mwarn[39m: 	[33mWarning message[39m
[2022-05-14 11:37:55.264 AM] [32minfo[39m: 	[32mInfo message[39m
[2022-05-14 11:37:55.265 AM] [31merror[39m: 	[31mError message[39m
[2022-05-14 11:37:55.266 AM] [33mwarn[39m: 	[33mWarning message[39m
[2022-05-14 11:37:57.825 AM] [32minfo[39m: 	[32mDone[39m
[2022-05-14 11:37:57.913 AM] [32minfo[39m: 	[32mCars have been inserted[39m
[2022-05-14 11:37:58.165 AM] [32minfo[39m: 	[32mInfo message[39m
[2022-05-14 11:37:58.166 AM] [31merror[39m: 	[31mError message[39m
[2022-05-14 11:37:58.166 AM] [33mwarn[39m: 	[33mWarning message[39m
